################################################################################
#
# logger.file=sqlrunner
# logger.level=trace
# logger.count=21
# date=24,16:29:12.004
# properties={java.runtime.name=Java(TM) SE Runtime Environment, sun.boot.library.path=C:\Program Files\Java\jre1.8.0_131\bin, java.vm.version=25.131-b11, java.vm.vendor=Oracle Corporation, java.vendor.url=http://java.oracle.com/, path.separator=;, java.vm.name=Java HotSpot(TM) 64-Bit Server VM, file.encoding.pkg=sun.io, user.country=KR, user.script=, sun.java.launcher=SUN_STANDARD, sun.os.patch.level=Service Pack 1, java.vm.specification.name=Java Virtual Machine Specification, user.dir=D:\workspace\fxms-base, java.runtime.version=1.8.0_131-b11, java.awt.graphicsenv=sun.awt.Win32GraphicsEnvironment, java.endorsed.dirs=C:\Program Files\Java\jre1.8.0_131\lib\endorsed, os.arch=amd64, java.io.tmpdir=C:\Users\SUBKJH~1\AppData\Local\Temp\, line.separator=
, java.vm.specification.vendor=Oracle Corporation, user.variant=, os.name=Windows 7, sun.jnu.encoding=MS949, java.library.path=C:\Program Files\Java\jre1.8.0_131\bin;C:\Windows\Sun\Java\bin;C:\Windows\system32;C:\Windows;C:/Program Files/Java/jre1.8.0_131/bin/server;C:/Program Files/Java/jre1.8.0_131/bin;C:/Program Files/Java/jre1.8.0_131/lib/amd64;C:\Program Files (x86)\ibm\gsk8\lib;C:\Program Files (x86)\ibm\gsk8\bin;C:\Program Files (x86)\IBM Informix Client SDK\bin;C:\ProgramData\Oracle\Java\javapath;C:\Windows\system32;C:\Windows;C:\Windows\System32\Wbem;C:\Windows\System32\WindowsPowerShell\v1.0\;C:\Windows\SoftCamp\SDS;C:\Windows\SoftCamp\SDS\x64;C:\Windows\SoftCamp\SDK;C:\Program Files (x86)\IBM\Informix\Client-SDK\bin;C:\Program Files (x86)\ibm\gsk7\bin;C:\Program Files (x86)\ibm\gsk7\lib;;C:\Programs\eclipse\eclipse;;., java.specification.name=Java Platform API Specification, java.class.version=52.0, sun.management.compiler=HotSpot 64-Bit Tiered Compilers, os.version=6.1, user.home=C:\Users\SUBKJH-DEV, user.timezone=Asia/Seoul, java.awt.printerjob=sun.awt.windows.WPrinterJob, file.encoding=UTF-8, java.specification.version=1.8, java.class.path=D:\workspace\fxms-base\classes;D:\workspace\fxms-base\deploy\libext\jdrivers\ojdbc6.jar;D:\workspace\fxms-base\deploy\libext\xml\jdom.jar;D:\workspace\fxms-base\deploy\libext\excel\dom4j-1.6.1.jar;D:\workspace\fxms-base\deploy\libext\excel\poi-3.7-20101029.jar;D:\workspace\fxms-base\deploy\libext\excel\poi-examples-3.7-20101029.jar;D:\workspace\fxms-base\deploy\libext\excel\poi-ooxml-3.7-20101029.jar;D:\workspace\fxms-base\deploy\libext\excel\poi-ooxml-schemas-3.7-20101029.jar;D:\workspace\fxms-base\deploy\libext\excel\poi-scratchpad-3.7-20101029.jar;D:\workspace\fxms-base\deploy\libext\excel\xmlbeans-2.3.0.jar;D:\workspace\fxms-base\deploy\libext\snmp\AdventNetLogging.jar;D:\workspace\fxms-base\deploy\libext\snmp\AdventNetSnmp.jar;D:\workspace\fxms-base\deploy\libext\jdrivers\mysql-connector-java-5.0.4-bin.jar;D:\workspace\fxms-base\deploy\libext\apache\xmlrpc-client-3.0.jar;D:\workspace\fxms-base\deploy\libext\apache\xmlrpc-common-3.0.jar;D:\workspace\fxms-base\deploy\libext\apache\ws-commons-util-1.0.1.jar;D:\workspace\fxms-base\deploy\libext\ibmmq\com.ibm.mq.allclient.jar;D:\workspace\fxms-base\deploy\libext\ibmmq\com.ibm.mq.jar;D:\workspace\fxms-base\deploy\libext\ibmmq\com.ibm.mq.pcf.jar;D:\workspace\fxms-base\deploy\libext\ibmmq\com.ibm.mq.jmqi.jar;D:\workspace\fxms-base\deploy\libext\ibmmq\com.ibm.mq.headers.jar;D:\workspace\fxms-base\deploy\libext\gson\gson-2.8.2.jar, user.name=SUBKJH-DEV, java.vm.specification.version=1.8, sun.java.command=subkjh.bas.dao.SqlRunner, java.home=C:\Program Files\Java\jre1.8.0_131, sun.arch.data.model=64, user.language=ko, java.specification.vendor=Oracle Corporation, awt.toolkit=sun.awt.windows.WToolkit, java.vm.info=mixed mode, java.version=1.8.0_131, java.ext.dirs=C:\Program Files\Java\jre1.8.0_131\lib\ext;C:\Windows\Sun\Java\lib\ext, sun.boot.class.path=C:\Program Files\Java\jre1.8.0_131\lib\resources.jar;C:\Program Files\Java\jre1.8.0_131\lib\rt.jar;C:\Program Files\Java\jre1.8.0_131\lib\sunrsasign.jar;C:\Program Files\Java\jre1.8.0_131\lib\jsse.jar;C:\Program Files\Java\jre1.8.0_131\lib\jce.jar;C:\Program Files\Java\jre1.8.0_131\lib\charsets.jar;C:\Program Files\Java\jre1.8.0_131\lib\jfr.jar;C:\Program Files\Java\jre1.8.0_131\classes, java.vendor=Oracle Corporation, file.separator=\, java.vendor.url.bug=http://bugreport.sun.com/bugreport/, sun.io.unicode.encoding=UnicodeLittle, sun.cpu.endian=little, sun.desktop=windows, sun.cpu.isalist=amd64}
# env={LOCALAPPDATA=C:\Users\SUBKJH-DEV\AppData\Local, PROCESSOR_LEVEL=6, FP_NO_HOST_CHECK=NO, USERDOMAIN=SUBKJH-DEV-PC, LOGONSERVER=\\SUBKJH-DEV-PC, SESSIONNAME=Console, ALLUSERSPROFILE=C:\ProgramData, PROCESSOR_ARCHITECTURE=AMD64, PSModulePath=C:\Windows\system32\WindowsPowerShell\v1.0\Modules\, SystemDrive=C:, OneDrive=C:\Users\SUBKJH-DEV\OneDrive, APPDATA=C:\Users\SUBKJH-DEV\AppData\Roaming, USERNAME=SUBKJH-DEV, windows_tracing_logfile=C:\BVTBin\Tests\installpackage\csilogfile.log, ProgramFiles(x86)=C:\Program Files (x86), CommonProgramFiles=C:\Program Files\Common Files, Path=C:/Program Files/Java/jre1.8.0_131/bin/server;C:/Program Files/Java/jre1.8.0_131/bin;C:/Program Files/Java/jre1.8.0_131/lib/amd64;C:\Program Files (x86)\ibm\gsk8\lib;C:\Program Files (x86)\ibm\gsk8\bin;C:\Program Files (x86)\IBM Informix Client SDK\bin;C:\ProgramData\Oracle\Java\javapath;C:\Windows\system32;C:\Windows;C:\Windows\System32\Wbem;C:\Windows\System32\WindowsPowerShell\v1.0\;C:\Windows\SoftCamp\SDS;C:\Windows\SoftCamp\SDS\x64;C:\Windows\SoftCamp\SDK;C:\Program Files (x86)\IBM\Informix\Client-SDK\bin;C:\Program Files (x86)\ibm\gsk7\bin;C:\Program Files (x86)\ibm\gsk7\lib;;C:\Programs\eclipse\eclipse;, PATHEXT=.COM;.EXE;.BAT;.CMD;.VBS;.VBE;.JS;.JSE;.WSF;.WSH;.MSC, OS=Windows_NT, windows_tracing_flags=3, COMPUTERNAME=SUBKJH-DEV-PC, PROCESSOR_REVISION=3a09, CommonProgramW6432=C:\Program Files\Common Files, ComSpec=C:\Windows\system32\cmd.exe, ProgramData=C:\ProgramData, ProgramW6432=C:\Program Files, HOMEPATH=\Users\SUBKJH-DEV, SystemRoot=C:\Windows, TEMP=C:\Users\SUBKJH~1\AppData\Local\Temp, HOMEDRIVE=C:, PROCESSOR_IDENTIFIER=Intel64 Family 6 Model 58 Stepping 9, GenuineIntel, USERPROFILE=C:\Users\SUBKJH-DEV, TMP=C:\Users\SUBKJH~1\AppData\Local\Temp, CommonProgramFiles(x86)=C:\Program Files (x86)\Common Files, ProgramFiles=C:\Program Files, PUBLIC=C:\Users\Public, NUMBER_OF_PROCESSORS=4, windir=C:\Windows, =::=::\}
#
################################################################################

24,16:29:11.995 [I] [main]SqlRunner.main (SqlRunner.java:22) false
24,16:29:12.038 [I] [main]SqlRunner.main (SqlRunner.java:23) info
24,16:29:12.213 [I] [main]DBManager.initSqlPoolCommon (DBManager.java:254) FILE-PATH(.\deploy\conf\sql\queries.xml) EXIST
24,16:29:13.035 [I] [main]DBManager.addDataBase (DBManager.java:91) DATABASE FILE(.deployconfdatabases.xml) PARSING
24,16:29:13.278 [I] [main]DBManager.parse (DBManager.java:361) 
  XXX_MYSQL2------------------------------ ADDED
  MYSQL_ROOT2----------------------------- ADDED
  XXX_MYSQL2------------------------------ ADDED
  MYSQL_ROOT------------------------------ ADDED
  XXX_MYSQL------------------------------- ADDED
  ADAMS_MIAPP----------------------------- ADDED
  ADAMS----------------------------------- ADDED
  ADAMS_DEV------------------------------- ADDED
  ADAMS_DJ-------------------------------- ADDED
  ADAMS2---------------------------------- ADDED
  ADAMS----------------------------------- ADDED
  ADAMS_MIAPP----------------------------- ADDED
  NEIFDB---------------------------------- ADDED
  NEIFDB---------------------------------- ADDED
  MGMTQ----------------------------------- ADDED
24,16:29:13.279 [I] [main]DBManager.addDataBase (DBManager.java:91) DATABASE FILE(deployconfdatabases.xml) PARSING
24,16:29:13.309 [I] [main]DBManager.parse (DBManager.java:361) 
  XXX_MYSQL2------------------------------ ADDED
  MYSQL_ROOT2----------------------------- ADDED
  XXX_MYSQL2------------------------------ ADDED
  MYSQL_ROOT------------------------------ ADDED
  XXX_MYSQL------------------------------- ADDED
  ADAMS_MIAPP----------------------------- ADDED
  ADAMS----------------------------------- ADDED
  ADAMS_DEV------------------------------- ADDED
  ADAMS_DJ-------------------------------- ADDED
  ADAMS2---------------------------------- ADDED
  ADAMS----------------------------------- ADDED
  ADAMS_MIAPP----------------------------- ADDED
  NEIFDB---------------------------------- ADDED
  NEIFDB---------------------------------- ADDED
  MGMTQ----------------------------------- ADDED
