운용자 목록 보여줘
인터페이스명 em2 트래픽 챠트 보여줘
장비명 개발서버 정보 보여줘
운용자그룹목록 볼까
장비 목록 보여줘
장비명 localhost 정보 보여줘
장비명 localhost 경보 이력 보여줘
장비명 개발서버의 최근 1개월 경보 이력 보여줘
장비명 개발서버의 최근 1달 경보 이력 보여줘
장비명 개발서버의 지난 1개월 경보 이력 보여줘
장비명 개발서버의 지난달 경보 이력 보여줘
장비명 개발서버의 이번달 경보 이력 보여줘
장비명 개발서버의 지난 1개월 모든 경보 이력 보여줘
경보 이력 보여줘\
경보 이력 화면 보여줘
인터페이스명 em2에 대한 트래픽 챠트 보여줘
인터페이스명 em2에 대한 챠트 보여줘
IP주소가 localhost인 장비 정보 보여줘
인터페이스명이 em2인 트래픽 챠트 보여줘
운용자 트리 보여줘
망구성도 test 보여줘
망구성도 test
망구성도 TEST 보여줘
망구성도 TEST22 보여줘
망구성도 연습용다이아그램 보여줘
메인화면 보여줘
메인화면 보여주ㅏ
메인 화면 보여줘
운용자목록 화면 보여줘
