start	20180615163350
info	20180615163355	0/-1 language...
info	20180615163355	0/12 language done
info	20180615163355	1/12 loading variables...
info	20180615163355	1/12 reload variables...6
info	20180615163355	2/12 loading user properties...
info	20180615163355	2/12 loaded user properties...1
info	20180615163355	3/12 loading ui...
info	20180615163356	3/12 loaded ui...7
info	20180615163356	4/12 loading codes...
info	20180615163356	4/12 loaded codes...25
info	20180615163356	5/12 loading op-codes...
info	20180615163356	5/12 reload op-codes...209
info	20180615163356	6/12 loading ps-items...
info	20180615163357	6/12 reload ps-items...41
info	20180615163357	7/12 loading users...
info	20180615163358	7/12 reload users...0
info	20180615163358	8/12 loading locations...
info	20180615163358	8/12 reload locations...19
info	20180615163358	9/12 loading alarm-configurations...
info	20180615163358	9/12 reload alarm-configurations...14
info	20180615163358	10/12 loading alarm-codes...
info	20180615163358	10/12 reload alarm-codes...67
info	20180615163358	11/12 loading charts...
info	20180615163358	11/12 reload charts...8
info	20180615163358	12/12 loading mo counts...
info	20180615163359	12/12 reload mo counts...9
info	20180615163359	12/12 finished loading
